# JRE version: Java(TM) SE Runtime Environment (8.0_201-b09) (build 1.8.0_201-b09)
# Java VM: Java HotSpot(TM) 64-Bit Server VM (25.201-b09 mixed mode windows-amd64 compressed oops)
Heap:
 PSYoungGen      total 37888K, used 31794K [0x00000000d5f80000, 0x00000000d8d80000, 0x0000000100000000)
  eden space 32768K, 97% used [0x00000000d5f80000,0x00000000d7e8c8f0,0x00000000d7f80000)
  from space 5120K, 0% used [0x00000000d8000000,0x00000000d8000000,0x00000000d8500000)
  to   space 7168K, 0% used [0x00000000d8680000,0x00000000d8680000,0x00000000d8d80000)
 ParOldGen       total 56320K, used 5707K [0x0000000081e00000, 0x0000000085500000, 0x00000000d5f80000)
  object space 56320K, 10% used [0x0000000081e00000,0x0000000082392ec8,0x0000000085500000)
 Metaspace       used 22991K, capacity 23210K, committed 23552K, reserved 1069056K
  class space    used 2956K, capacity 3025K, committed 3072K, reserved 1048576K
GC Heap History (10 events):
Event: 2.483 GC heap before
{Heap before GC invocations=2 (full 0):
 PSYoungGen      total 38400K, used 35989K [0x00000000d5f80000, 0x00000000d8a00000, 0x0000000100000000)
  eden space 33280K, 100% used [0x00000000d5f80000,0x00000000d8000000,0x00000000d8000000)
  from space 5120K, 52% used [0x00000000d8000000,0x00000000d82a5470,0x00000000d8500000)
  to   space 5120K, 0% used [0x00000000d8500000,0x00000000d8500000,0x00000000d8a00000)
 ParOldGen       total 87552K, used 8K [0x0000000081e00000, 0x0000000087380000, 0x00000000d5f80000)
  object space 87552K, 0% used [0x0000000081e00000,0x0000000081e02000,0x0000000087380000)
 Metaspace       used 12057K, capacity 12226K, committed 12288K, reserved 1060864K
  class space    used 1431K, capacity 1493K, committed 1536K, reserved 1048576K
Event: 2.489 GC heap after
Heap after GC invocations=2 (full 0):
 PSYoungGen      total 38400K, used 4040K [0x00000000d5f80000, 0x00000000d8a00000, 0x0000000100000000)
  eden space 33280K, 0% used [0x00000000d5f80000,0x00000000d5f80000,0x00000000d8000000)
  from space 5120K, 78% used [0x00000000d8500000,0x00000000d88f22e0,0x00000000d8a00000)
  to   space 5120K, 0% used [0x00000000d8000000,0x00000000d8000000,0x00000000d8500000)
 ParOldGen       total 87552K, used 80K [0x0000000081e00000, 0x0000000087380000, 0x00000000d5f80000)
  object space 87552K, 0% used [0x0000000081e00000,0x0000000081e14010,0x0000000087380000)
 Metaspace       used 12057K, capacity 12226K, committed 12288K, reserved 1060864K
  class space    used 1431K, capacity 1493K, committed 1536K, reserved 1048576K
}
Event: 3.281 GC heap before
{Heap before GC invocations=3 (full 0):
 PSYoungGen      total 38400K, used 37320K [0x00000000d5f80000, 0x00000000d8a00000, 0x0000000100000000)
  eden space 33280K, 100% used [0x00000000d5f80000,0x00000000d8000000,0x00000000d8000000)
  from space 5120K, 78% used [0x00000000d8500000,0x00000000d88f22e0,0x00000000d8a00000)
  to   space 5120K, 0% used [0x00000000d8000000,0x00000000d8000000,0x00000000d8500000)
 ParOldGen       total 87552K, used 80K [0x0000000081e00000, 0x0000000087380000, 0x00000000d5f80000)
  object space 87552K, 0% used [0x0000000081e00000,0x0000000081e14010,0x0000000087380000)
 Metaspace       used 15550K, capacity 15778K, committed 15872K, reserved 1062912K
  class space    used 1890K, capacity 1973K, committed 2048K, reserved 1048576K
Event: 3.286 GC heap after
Heap after GC invocations=3 (full 0):
 PSYoungGen      total 38400K, used 4835K [0x00000000d5f80000, 0x00000000d8a00000, 0x0000000100000000)
  eden space 33280K, 0% used [0x00000000d5f80000,0x00000000d5f80000,0x00000000d8000000)
  from space 5120K, 94% used [0x00000000d8000000,0x00000000d84b8e40,0x00000000d8500000)
  to   space 5120K, 0% used [0x00000000d8500000,0x00000000d8500000,0x00000000d8a00000)
 ParOldGen       total 87552K, used 88K [0x0000000081e00000, 0x0000000087380000, 0x00000000d5f80000)
  object space 87552K, 0% used [0x0000000081e00000,0x0000000081e16010,0x0000000087380000)
 Metaspace       used 15550K, capacity 15778K, committed 15872K, reserved 1062912K
  class space    used 1890K, capacity 1973K, committed 2048K, reserved 1048576K
}
Event: 3.967 GC heap before
{Heap before GC invocations=4 (full 0):
 PSYoungGen      total 38400K, used 38115K [0x00000000d5f80000, 0x00000000d8a00000, 0x0000000100000000)
  eden space 33280K, 100% used [0x00000000d5f80000,0x00000000d8000000,0x00000000d8000000)
  from space 5120K, 94% used [0x00000000d8000000,0x00000000d84b8e40,0x00000000d8500000)
  to   space 5120K, 0% used [0x00000000d8500000,0x00000000d8500000,0x00000000d8a00000)
 ParOldGen       total 87552K, used 88K [0x0000000081e00000, 0x0000000087380000, 0x00000000d5f80000)
  object space 87552K, 0% used [0x0000000081e00000,0x0000000081e16010,0x0000000087380000)
 Metaspace       used 18687K, capacity 18890K, committed 19072K, reserved 1067008K
  class space    used 2338K, capacity 2417K, committed 2432K, reserved 1048576K
Event: 3.975 GC heap after
Heap after GC invocations=4 (full 0):
 PSYoungGen      total 38400K, used 5090K [0x00000000d5f80000, 0x00000000d8a00000, 0x0000000100000000)
  eden space 33280K, 0% used [0x00000000d5f80000,0x00000000d5f80000,0x00000000d8000000)
  from space 5120K, 99% used [0x00000000d8500000,0x00000000d89f89d0,0x00000000d8a00000)
  to   space 5120K, 0% used [0x00000000d8000000,0x00000000d8000000,0x00000000d8500000)
 ParOldGen       total 87552K, used 424K [0x0000000081e00000, 0x0000000087380000, 0x00000000d5f80000)
  object space 87552K, 0% used [0x0000000081e00000,0x0000000081e6a218,0x0000000087380000)
 Metaspace       used 18687K, capacity 18890K, committed 19072K, reserved 1067008K
  class space    used 2338K, capacity 2417K, committed 2432K, reserved 1048576K
}
Event: 4.376 GC heap before
{Heap before GC invocations=5 (full 0):
 PSYoungGen      total 38400K, used 36649K [0x00000000d5f80000, 0x00000000d8a00000, 0x0000000100000000)
  eden space 33280K, 94% used [0x00000000d5f80000,0x00000000d7e51be0,0x00000000d8000000)
  from space 5120K, 99% used [0x00000000d8500000,0x00000000d89f89d0,0x00000000d8a00000)
  to   space 5120K, 0% used [0x00000000d8000000,0x00000000d8000000,0x00000000d8500000)
 ParOldGen       total 87552K, used 424K [0x0000000081e00000, 0x0000000087380000, 0x00000000d5f80000)
  object space 87552K, 0% used [0x0000000081e00000,0x0000000081e6a218,0x0000000087380000)
 Metaspace       used 20854K, capacity 21066K, committed 21248K, reserved 1067008K
  class space    used 2651K, capacity 2737K, committed 2816K, reserved 1048576K
Event: 4.383 GC heap after
Heap after GC invocations=5 (full 0):
 PSYoungGen      total 37888K, used 5088K [0x00000000d5f80000, 0x00000000d8d80000, 0x0000000100000000)
  eden space 32768K, 0% used [0x00000000d5f80000,0x00000000d5f80000,0x00000000d7f80000)
  from space 5120K, 99% used [0x00000000d8000000,0x00000000d84f8050,0x00000000d8500000)
  to   space 7168K, 0% used [0x00000000d8680000,0x00000000d8680000,0x00000000d8d80000)
 ParOldGen       total 87552K, used 1133K [0x0000000081e00000, 0x0000000087380000, 0x00000000d5f80000)
  object space 87552K, 1% used [0x0000000081e00000,0x0000000081f1b5a0,0x0000000087380000)
 Metaspace       used 20854K, capacity 21066K, committed 21248K, reserved 1067008K
  class space    used 2651K, capacity 2737K, committed 2816K, reserved 1048576K
}
Event: 4.383 GC heap before
{Heap before GC invocations=6 (full 1):
 PSYoungGen      total 37888K, used 5088K [0x00000000d5f80000, 0x00000000d8d80000, 0x0000000100000000)
  eden space 32768K, 0% used [0x00000000d5f80000,0x00000000d5f80000,0x00000000d7f80000)
  from space 5120K, 99% used [0x00000000d8000000,0x00000000d84f8050,0x00000000d8500000)
  to   space 7168K, 0% used [0x00000000d8680000,0x00000000d8680000,0x00000000d8d80000)
 ParOldGen       total 87552K, used 1133K [0x0000000081e00000, 0x0000000087380000, 0x00000000d5f80000)
  object space 87552K, 1% used [0x0000000081e00000,0x0000000081f1b5a0,0x0000000087380000)
 Metaspace       used 20854K, capacity 21066K, committed 21248K, reserved 1067008K
  class space    used 2651K, capacity 2737K, committed 2816K, reserved 1048576K
Event: 4.418 GC heap after
Heap after GC invocations=6 (full 1):
 PSYoungGen      total 37888K, used 0K [0x00000000d5f80000, 0x00000000d8d80000, 0x0000000100000000)
  eden space 32768K, 0% used [0x00000000d5f80000,0x00000000d5f80000,0x00000000d7f80000)
  from space 5120K, 0% used [0x00000000d8000000,0x00000000d8000000,0x00000000d8500000)
  to   space 7168K, 0% used [0x00000000d8680000,0x00000000d8680000,0x00000000d8d80000)
 ParOldGen       total 56320K, used 5707K [0x0000000081e00000, 0x0000000085500000, 0x00000000d5f80000)
  object space 56320K, 10% used [0x0000000081e00000,0x0000000082392ec8,0x0000000085500000)
 Metaspace       used 20854K, capacity 21066K, committed 21248K, reserved 1067008K
  class space    used 2651K, capacity 2737K, committed 2816K, reserved 1048576K
}

